
<!DOCTYPE html>
<html>


<head>
	<meta charset='UTF-8' /> 
	<meta name='description' content='' />
	<meta name='robots' content='noodp, noydir' />
	<meta name='viewport' content='width=device-width, initial-scale=1' />
	<meta id="timeStampFormat" name="timeStampFormat" content='MMM d, yyyy hh:mm:ss a'/>
	
	<link href='https://fonts.googleapis.com/css?family=Source+Sans+Pro:400,600' rel='stylesheet' type='text/css'>
	<link href="https://fonts.googleapis.com/icon?family=Material+Icons" rel="stylesheet">

		<link href='https://cdn.rawgit.com/anshooarora/extentreports-java/b4a58fcfd1e137bd9287244035a7c80d3d73b3af/dist/css/extent.css' type='text/css' rel='stylesheet' />
	
	<title>PI App And Service</title>

	<style type='text/css'>
			
      
        
      
    
	</style>
</head>

	<body class='extent standard default hide-overflow bdd-report'>
		<div id='theme-selector' alt='Click to toggle theme. To enable by default, use theme configuration.' title='Click to toggle theme. To enable by default, use theme configuration.'>
			<span><i class='material-icons'>desktop_windows</i></span>
		</div>

<nav>
	<div class="nav-wrapper">
		<a href="#!" class="brand-logo blue darken-3">Extent</a>

		<!-- slideout menu -->
		<ul id='slide-out' class='side-nav fixed hide-on-med-and-down'>
			<li class='waves-effect active'><a href='#!' view='test-view' onclick="configureView(0);chartsView('test');"><i class='material-icons'>dashboard</i></a></li>
						<li class='waves-effect'><a href='#!' view='category-view' onclick="configureView(1)"><i class='material-icons'>label_outline</i></a></li>
			<li class='waves-effect'><a href='#!' view='exception-view' onclick="configureView(2)"><i class='material-icons'>bug_report</i></a></li>
			<li class='waves-effect'><a href='#!' onclick="configureView(-1);chartsView('dashboard');" view='dashboard-view'><i class='material-icons'>track_changes</i></i></a></li>
		</ul>

		<!-- report name -->
		<span class='report-name'>Automation Report</span>
		
		<!-- report headline -->
		<span class='report-headline'></span>

		<!-- nav-right -->
		<ul id='nav-mobile' class='right hide-on-med-and-down nav-right'>
			<li>
                <a href='#!'>
                    <span class='label suite-start-time blue darken-3'>Jul 25, 2019 02:51:52 PM</span>
				</a>
			</li>
			<li>
                <a href='#!'>
                    <span class='label blue darken-3'>3.1.2</span>
				</a>
			</li>
		</ul>
	</div>
</nav>

		<!-- container -->
		<div class='container'>

<div id='test-view' class='view'>
				
	<section id='controls'>
		<div class='controls grey lighten-4'>
			<!-- test toggle -->
			<div class='chip transparent'>
				<a class='dropdown-button tests-toggle' data-activates='tests-toggle' data-constrainwidth='true' data-beloworigin='true' data-hover='true' href='#'>
					<i class='material-icons'>warning</i> Status
				</a>
				<ul id='tests-toggle' class='dropdown-content'>
											<li status='pass'><a href='#!'>Pass <i class='material-icons green-text'>check_circle</i></a></li>
						<li status='fail'><a href='#!'>Fail <i class='material-icons red-text'>cancel</i></a></li>
						<li status='skip'><a href='#!'>Skip <i class='material-icons cyan-text'>redo</i></a></li>
					<li class='divider'></li>
					<li status='clear' clear='true'><a href='#!'>Clear Filters <i class='material-icons'>clear</i></a></li>
				</ul>
			</div>
			<!-- test toggle -->

			<!-- category toggle -->
			<div class='chip transparent'>
				<a class='dropdown-button category-toggle' data-activates='category-toggle' data-constrainwidth='false' data-beloworigin='true' data-hover='true' href='#'>
					<i class='material-icons'>local_offer</i> Category
				</a>
				<ul id='category-toggle' class='dropdown-content'>
					<li><a href='#'>@FarmLine</a></li>
					<li><a href='#'>@Login</a></li>
					<li class='divider'></li>
					<li class='clear'><a href='#!' clear='true'>Clear Filters</a></li>
				</ul>
			</div>
			<!-- category toggle -->

			<!-- clear filters -->
			<div class='chip transparent hide'>
				<a class='' id='clear-filters' alt='Clear Filters' title='Clear Filters'>
					<i class='material-icons'>close</i> Clear
				</a>
			</div>
			<!-- clear filters -->

			<!-- enable dashboard -->
			<div id='toggle-test-view-charts' class='chip transparent'>
				<a class='pink-text' id='enable-dashboard' alt='Enable Dashboard' title='Enable Dashboard'>
					<i class='material-icons'>track_changes</i> Dashboard
				</a>
			</div>
			<!-- enable dashboard -->

			<!-- search -->
			<div class='chip transparent' alt='Search Tests' title='Search Tests'>
				<a href="#" class='search-div'>
					<i class='material-icons'>search</i> Search
				</a>

				<div class='input-field left hide'>
					<input id='search-tests' type='text' class='validate browser-default' placeholder='Search Tests...'>
				</div>
				
			</div>
			<!-- search -->
		</div>
	</section>


<div id='test-view-charts' class='subview-full'>
	<div id='charts-row' class='row nm-v nm-h'>
		<div class='col s12 m4 l4 np-h'>
			<div class='card-panel nm-v'>
				<div class='left panel-name'>Features</div>
				<div class='chart-box'>
					<canvas id='parent-analysis' width='100' height='80'></canvas>
				</div>
				<div class='block text-small'>
					<span class='tooltipped' data-position='top' data-tooltip='0%'><span class='strong'>0</span> feature(s) passed</span>
				</div>
				<div class='block text-small'>
					<span class='strong tooltipped' data-position='top' data-tooltip='100%'>1</span> feature(s) failed, <span class='strong tooltipped' data-position='top' data-tooltip='0%'>0</span> others
				</div>
			</div>
		</div>
		
		<div class='col s12 m4 l4 np-h'>
			<div class='card-panel nm-v'>
				<div class='left panel-name'>Scenarios</div>
				<div class='chart-box'>
					<canvas id='child-analysis' width='100' height='80'></canvas>
				</div>
				<div class='block text-small'>
					<span class='tooltipped' data-position='top' data-tooltip='0%'><span class='strong'>0</span> scenario(s) passed</span>
				</div>
				<div class='block text-small'>
					<span class='strong tooltipped' data-position='top' data-tooltip='100%'>5</span> scenario(s) failed, <span class='strong tooltipped' data-position='top' data-tooltip='0%'>0</span> others
				</div>
			</div>
		</div>
		
		<div class='col s12 m4 l4 np-h'>
			<div class='card-panel nm-v'>
				<div class='left panel-name'>Steps</div>
				<div class='chart-box'>
					<canvas id='grandchild-analysis' width='100' height='80'></canvas>
				</div>
				<div class='block text-small'>
					<span class='tooltipped' data-position='top' data-tooltip='0%'><span class='strong'>0</span> step(s) passed</span>
				</div>
				<div class='block text-small'>
					<span class='strong tooltipped' data-position='top' data-tooltip='33.333%'>5</span> step(s) failed, <span class='strong tooltipped' data-position='top' data-tooltip='66.667%'>10</span> others
				</div>
			</div>
		</div>
	</div>
</div>

	<div class='subview-left left'>
		
		<div class='view-summary'>
			<h5>Features</h5>
			<ul id='test-collection' class='test-collection'>
				
				
				<li class='test displayed active has-leaf fail' status='fail' bdd='true' test-id='1'>
					<div class='test-heading'>
						<span class='test-name'>User Search Scenarios</span>
						<span class='test-time'>Jul 25, 2019 02:51:52 PM</span>
						<span class='test-status right fail'>fail</span>
					</div>
					<div class='test-content hide'>
<div class='scenariooutline node' test-id='2' status='fail'>
	<span class='duration right label'>0h 0m 1s+227ms</span>
	<div class='desc'>
		<b>ScenarioOutline</b>
		<span class="desc-text">Login to application based on user role</span>
	</div>
	<ul class='steps'>
		<li test-id='3' class='node scenario fail' status='fail'>
			<div class='category-list'>
				<span class='category label white-text'>@Login</span>
				<span class='category label white-text'>@FarmLine</span>
			</div>
			
			<b>Scenario</b>
			
			<span class="bdd-step-name">Login to application based on user role</span>
			
				<ul class='steps'>
					<li test-id='4' class='node given fail' status='fail'><b>Given</b>
						<span class="bdd-step-name">Given login to application with user role "Admin"</span>
							<div class='pre'><textarea>java.lang.ExceptionInInitializerError
	at com.morrisons.automation.stepdefs.FarmlineStepDef.login_to_application_with_user_role(FarmlineStepDef.java:15)
	at ?.Given login to application with user role "Admin"(src/main/features/common.feature:7)
Caused by: Cannot create property=androidDriverConfig for JavaBean=ApplicationConfig [actionConfiguration=ActionConfiguration [isFarmerPortal=true], browserConfig=BrowserConfiguration [isChrome=null, isSafari=null], deviceConfig=BrowserConfiguration [isAndroid=null, isIos=null, isDesktop=null], myDriver=DriverConfig [driver=android, iosAndroidDriverUrl=http://127.0.0.1:4723/wd/hub, chromeDriverPath=webDrivers/chromedriver.exe], androidDriver=null, iosDriver=null, userLogin=null, proxyConfiguration=ProxyConfig [isBehindProxy=true, proxyHost=YmNwcm94eQ==, proxyPort=ODA4MA==, proxyUser=extmasy3, proxyPass=2Bchanged], admin=null, farmer=null, buyer=null, lairage=null, agent=null, farmersPortalWebUI=null]
 in 'reader', line 1, column 1:
    proxyConfiguration:
    ^
Unable to find property 'androidDriverConfig' on class: com.morrisons.automation.common.config.ApplicationConfig
 in 'reader', line 21, column 3:
      androidPlatformName: 
      ^

	at org.yaml.snakeyaml.constructor.Constructor$ConstructMapping.constructJavaBean2ndStep(Constructor.java:268)
	at org.yaml.snakeyaml.constructor.Constructor$ConstructMapping.construct(Constructor.java:149)
	at org.yaml.snakeyaml.constructor.Constructor$ConstructYamlObject.construct(Constructor.java:308)
	at org.yaml.snakeyaml.constructor.BaseConstructor.constructObjectNoCheck(BaseConstructor.java:207)
	at org.yaml.snakeyaml.constructor.BaseConstructor.constructObject(BaseConstructor.java:196)
	at org.yaml.snakeyaml.constructor.BaseConstructor.constructDocument(BaseConstructor.java:161)
	at org.yaml.snakeyaml.constructor.BaseConstructor.getSingleData(BaseConstructor.java:147)
	at org.yaml.snakeyaml.Yaml.loadFromReader(Yaml.java:524)
	at org.yaml.snakeyaml.Yaml.loadAs(Yaml.java:518)
	at com.morrisons.automation.common.config.ConfigLoader.<init>(ConfigLoader.java:26)
	at com.morrisons.automation.common.farmlineui.FarmlineHome.<clinit>(FarmlineHome.java:24)
	at com.morrisons.automation.stepdefs.FarmlineStepDef.login_to_application_with_user_role(FarmlineStepDef.java:15)
	at sun.reflect.NativeMethodAccessorImpl.invoke0(Native Method)
	at sun.reflect.NativeMethodAccessorImpl.invoke(Unknown Source)
	at sun.reflect.DelegatingMethodAccessorImpl.invoke(Unknown Source)
	at java.lang.reflect.Method.invoke(Unknown Source)
	at cucumber.runtime.Utils$1.call(Utils.java:40)
	at cucumber.runtime.Timeout.timeout(Timeout.java:16)
	at cucumber.runtime.Utils.invoke(Utils.java:34)
	at cucumber.runtime.java.JavaStepDefinition.execute(JavaStepDefinition.java:38)
	at cucumber.runtime.StepDefinitionMatch.runStep(StepDefinitionMatch.java:37)
	at cucumber.runtime.Runtime.runStep(Runtime.java:300)
	at cucumber.runtime.model.StepContainer.runStep(StepContainer.java:44)
	at cucumber.runtime.model.StepContainer.runSteps(StepContainer.java:39)
	at cucumber.runtime.model.CucumberScenario.run(CucumberScenario.java:44)
	at cucumber.runtime.model.CucumberScenarioOutline.run(CucumberScenarioOutline.java:46)
	at cucumber.runtime.model.CucumberFeature.run(CucumberFeature.java:165)
	at cucumber.api.testng.TestNGCucumberRunner.runCucumber(TestNGCucumberRunner.java:63)
	at com.morrisons.automation.runner.RunCukesTest.feature(RunCukesTest.java:40)
	at sun.reflect.NativeMethodAccessorImpl.invoke0(Native Method)
	at sun.reflect.NativeMethodAccessorImpl.invoke(Unknown Source)
	at sun.reflect.DelegatingMethodAccessorImpl.invoke(Unknown Source)
	at java.lang.reflect.Method.invoke(Unknown Source)
	at org.testng.internal.MethodInvocationHelper.invokeMethod(MethodInvocationHelper.java:80)
	at org.testng.internal.Invoker.invokeMethod(Invoker.java:714)
	at org.testng.internal.Invoker.invokeTestMethod(Invoker.java:901)
	at org.testng.internal.Invoker.invokeTestMethods(Invoker.java:1231)
	at org.testng.internal.TestMethodWorker.invokeTestMethods(TestMethodWorker.java:127)
	at org.testng.internal.TestMethodWorker.run(TestMethodWorker.java:111)
	at org.testng.TestRunner.privateRun(TestRunner.java:767)
	at org.testng.TestRunner.run(TestRunner.java:617)
	at org.testng.SuiteRunner.runTest(SuiteRunner.java:334)
	at org.testng.SuiteRunner.runSequentially(SuiteRunner.java:329)
	at org.testng.SuiteRunner.privateRun(SuiteRunner.java:291)
	at org.testng.SuiteRunner.run(SuiteRunner.java:240)
	at org.testng.SuiteRunnerWorker.runSuite(SuiteRunnerWorker.java:52)
	at org.testng.SuiteRunnerWorker.run(SuiteRunnerWorker.java:86)
	at org.testng.TestNG.runSuitesSequentially(TestNG.java:1198)
	at org.testng.TestNG.runSuitesLocally(TestNG.java:1123)
	at org.testng.TestNG.run(TestNG.java:1031)
	at org.testng.remote.AbstractRemoteTestNG.run(AbstractRemoteTestNG.java:132)
	at org.testng.remote.RemoteTestNG.initAndRun(RemoteTestNG.java:230)
	at org.testng.remote.RemoteTestNG.main(RemoteTestNG.java:76)
Caused by: org.yaml.snakeyaml.error.YAMLException: Unable to find property 'androidDriverConfig' on class: com.morrisons.automation.common.config.ApplicationConfig
	at org.yaml.snakeyaml.introspector.PropertyUtils.getProperty(PropertyUtils.java:189)
	at org.yaml.snakeyaml.introspector.PropertyUtils.getProperty(PropertyUtils.java:178)
	at org.yaml.snakeyaml.constructor.Constructor$ConstructMapping.getProperty(Constructor.java:285)
	at org.yaml.snakeyaml.constructor.Constructor$ConstructMapping.constructJavaBean2ndStep(Constructor.java:209)
	... 52 more
</textarea></div>
					</li>
					<li test-id='5' class='node then skip' status='skip'><b>Then</b>
						<span class="bdd-step-name">Then user should be able to see relevant menus according to the role "Admin"</span>
							<div class='pre'>skipped</div>
					</li>
					<li test-id='6' class='node when skip' status='skip'><b>When</b>
						<span class="bdd-step-name">When user navigates to "User Management" tab</span>
							<div class='pre'>skipped</div>
					</li>
				</ul>
		</li>
		<li test-id='7' class='node scenario fail' status='fail'>
			<div class='category-list'>
				<span class='category label white-text'>@Login</span>
				<span class='category label white-text'>@FarmLine</span>
			</div>
			
			<b>Scenario</b>
			
			<span class="bdd-step-name">Login to application based on user role</span>
			
				<ul class='steps'>
					<li test-id='8' class='node given fail' status='fail'><b>Given</b>
						<span class="bdd-step-name">Given login to application with user role "Farmer"</span>
							<div class='pre'><pre>java.lang.NoClassDefFoundError: Could not initialize class com.morrisons.automation.common.farmlineui.FarmlineHome
	at com.morrisons.automation.stepdefs.FarmlineStepDef.login_to_application_with_user_role(FarmlineStepDef.java:15)
	at ?.Given login to application with user role "Farmer"(src/main/features/common.feature:7)
</pre></div>
					</li>
					<li test-id='9' class='node then skip' status='skip'><b>Then</b>
						<span class="bdd-step-name">Then user should be able to see relevant menus according to the role "Farmer"</span>
							<div class='pre'>skipped</div>
					</li>
					<li test-id='10' class='node when skip' status='skip'><b>When</b>
						<span class="bdd-step-name">When user navigates to "User Management" tab</span>
							<div class='pre'>skipped</div>
					</li>
				</ul>
		</li>
		<li test-id='11' class='node scenario fail' status='fail'>
			<div class='category-list'>
				<span class='category label white-text'>@Login</span>
				<span class='category label white-text'>@FarmLine</span>
			</div>
			
			<b>Scenario</b>
			
			<span class="bdd-step-name">Login to application based on user role</span>
			
				<ul class='steps'>
					<li test-id='12' class='node given fail' status='fail'><b>Given</b>
						<span class="bdd-step-name">Given login to application with user role "Agent"</span>
							<div class='pre'><pre>java.lang.NoClassDefFoundError: Could not initialize class com.morrisons.automation.common.farmlineui.FarmlineHome
	at com.morrisons.automation.stepdefs.FarmlineStepDef.login_to_application_with_user_role(FarmlineStepDef.java:15)
	at ?.Given login to application with user role "Agent"(src/main/features/common.feature:7)
</pre></div>
					</li>
					<li test-id='13' class='node then skip' status='skip'><b>Then</b>
						<span class="bdd-step-name">Then user should be able to see relevant menus according to the role "Agent"</span>
							<div class='pre'>skipped</div>
					</li>
					<li test-id='14' class='node when skip' status='skip'><b>When</b>
						<span class="bdd-step-name">When user navigates to "User Management" tab</span>
							<div class='pre'>skipped</div>
					</li>
				</ul>
		</li>
		<li test-id='15' class='node scenario fail' status='fail'>
			<div class='category-list'>
				<span class='category label white-text'>@Login</span>
				<span class='category label white-text'>@FarmLine</span>
			</div>
			
			<b>Scenario</b>
			
			<span class="bdd-step-name">Login to application based on user role</span>
			
				<ul class='steps'>
					<li test-id='16' class='node given fail' status='fail'><b>Given</b>
						<span class="bdd-step-name">Given login to application with user role "Lairage"</span>
							<div class='pre'><pre>java.lang.NoClassDefFoundError: Could not initialize class com.morrisons.automation.common.farmlineui.FarmlineHome
	at com.morrisons.automation.stepdefs.FarmlineStepDef.login_to_application_with_user_role(FarmlineStepDef.java:15)
	at ?.Given login to application with user role "Lairage"(src/main/features/common.feature:7)
</pre></div>
					</li>
					<li test-id='17' class='node then skip' status='skip'><b>Then</b>
						<span class="bdd-step-name">Then user should be able to see relevant menus according to the role "Lairage"</span>
							<div class='pre'>skipped</div>
					</li>
					<li test-id='18' class='node when skip' status='skip'><b>When</b>
						<span class="bdd-step-name">When user navigates to "User Management" tab</span>
							<div class='pre'>skipped</div>
					</li>
				</ul>
		</li>
		<li test-id='19' class='node scenario fail' status='fail'>
			<div class='category-list'>
				<span class='category label white-text'>@Login</span>
				<span class='category label white-text'>@FarmLine</span>
			</div>
			
			<b>Scenario</b>
			
			<span class="bdd-step-name">Login to application based on user role</span>
			
				<ul class='steps'>
					<li test-id='20' class='node given fail' status='fail'><b>Given</b>
						<span class="bdd-step-name">Given login to application with user role "Buyer"</span>
							<div class='pre'><pre>java.lang.NoClassDefFoundError: Could not initialize class com.morrisons.automation.common.farmlineui.FarmlineHome
	at com.morrisons.automation.stepdefs.FarmlineStepDef.login_to_application_with_user_role(FarmlineStepDef.java:15)
	at ?.Given login to application with user role "Buyer"(src/main/features/common.feature:7)
</pre></div>
					</li>
					<li test-id='21' class='node then skip' status='skip'><b>Then</b>
						<span class="bdd-step-name">Then user should be able to see relevant menus according to the role "Buyer"</span>
							<div class='pre'>skipped</div>
					</li>
					<li test-id='22' class='node when skip' status='skip'><b>When</b>
						<span class="bdd-step-name">When user navigates to "User Management" tab</span>
							<div class='pre'>skipped</div>
					</li>
				</ul>
		</li>
	</ul>
</div>
					</div>
				</li>
			</ul>
		</div>
	</div>
	<!-- subview left -->

	<div class='subview-right left'>
		<div class='view-summary'>
			<h5 class='test-name'></h5>

			<div id='step-filters' class="right">
				<span class="blue-text" status="info" alt="info" title="info"><i class="material-icons">info_outline</i></span>
				<span class="green-text" status="pass" alt="pass" title="pass"><i class="material-icons">check_circle</i></span>
				<span class="red-text" status="fail" alt="fail" title="fail"><i class="material-icons">cancel</i></span>
				<span class="red-text text-darken-4" status="fatal" alt="fatal" title="fatal"><i class="material-icons">cancel</i></span>
				<span class="pink-text text-lighten-1" status="error" alt="error" title="error"><i class="material-icons">error</i></span>
				<span class="orange-text" alt="warning" status="warning" title="warning"><i class="material-icons">warning</i></span>
				<span class="teal-text" status="skip" alt="skip" title="skip"><i class="material-icons">redo</i></span>
				<span status="clear" alt="Clear filters" title="Clear filters"><i class="material-icons">clear</i></span>
			</div>
		</div>
	</div>
	<!-- subview right -->

</div>
<!-- test view -->
<div id='category-view' class='view hide'>

	<section id='controls'>
		<div class='controls grey lighten-4'>
			<!-- search -->
			<div class='chip transparent' alt='Search Tests' title='Search Tests'>
				<a href="#" class='search-div'>
					<i class='material-icons'>search</i> Search
				</a>
				
				<div class='input-field left hide'>
					<input id='search-tests' type='text' class='validate browser-default' placeholder='Search Tests...'>
				</div>
				
			</div>
			<!-- search -->
		</div>
	</section>

	<div class='subview-left left'>
		
		<div class='view-summary'>
			<h5>Categories</h3>
			<ul id='category-collection' class='category-collection'>
				
				<li class='category displayed active'>
					<div class='category-heading'>
						<span class='category-name'>@FarmLine</span>
						<span class='category-status right'>
							<span class='label fail'>6</span>
						</span>
					</div>
					<div class='category-content hide'>
						<div class='category-status-counts'>
							
							<span class='label red lighten-1 white-text'>Failed: 6</span>
							
						</div>
					
						<div class='category-tests'>
							<table class='bordered table-results'>
								<thead>
									<tr>
										<th>Timestamp</th>
										<th>TestName</th>
										<th>Status</th>
									</tr>
								</thead>
								<tbody>
									<tr>
										<td>Jul 25, 2019 02:51:52 PM</td>
										<td class='linked' test-id='1'>User Search Scenarios</td>
										<td><span class='test-status fail'>fail</span></td>
									</tr>
									<tr>
										<td>Jul 25, 2019 02:51:53 PM</td>
										<td class='linked' test-id='3'>User Search Scenarios.Login to application based on user role.Login to application based on user role</td>
										<td><span class='test-status fail'>fail</span></td>
									</tr>
									<tr>
										<td>Jul 25, 2019 02:51:53 PM</td>
										<td class='linked' test-id='7'>User Search Scenarios.Login to application based on user role.Login to application based on user role</td>
										<td><span class='test-status fail'>fail</span></td>
									</tr>
									<tr>
										<td>Jul 25, 2019 02:51:53 PM</td>
										<td class='linked' test-id='11'>User Search Scenarios.Login to application based on user role.Login to application based on user role</td>
										<td><span class='test-status fail'>fail</span></td>
									</tr>
									<tr>
										<td>Jul 25, 2019 02:51:53 PM</td>
										<td class='linked' test-id='15'>User Search Scenarios.Login to application based on user role.Login to application based on user role</td>
										<td><span class='test-status fail'>fail</span></td>
									</tr>
									<tr>
										<td>Jul 25, 2019 02:51:53 PM</td>
										<td class='linked' test-id='19'>User Search Scenarios.Login to application based on user role.Login to application based on user role</td>
										<td><span class='test-status fail'>fail</span></td>
									</tr>
								</tbody>
							</table>
						</div>
					</div>
				</li>
				<li class='category displayed active'>
					<div class='category-heading'>
						<span class='category-name'>@Login</span>
						<span class='category-status right'>
							<span class='label fail'>5</span>
						</span>
					</div>
					<div class='category-content hide'>
						<div class='category-status-counts'>
							
							<span class='label red lighten-1 white-text'>Failed: 5</span>
							
						</div>
					
						<div class='category-tests'>
							<table class='bordered table-results'>
								<thead>
									<tr>
										<th>Timestamp</th>
										<th>TestName</th>
										<th>Status</th>
									</tr>
								</thead>
								<tbody>
									<tr>
										<td>Jul 25, 2019 02:51:53 PM</td>
										<td class='linked' test-id='3'>User Search Scenarios.Login to application based on user role.Login to application based on user role</td>
										<td><span class='test-status fail'>fail</span></td>
									</tr>
									<tr>
										<td>Jul 25, 2019 02:51:53 PM</td>
										<td class='linked' test-id='7'>User Search Scenarios.Login to application based on user role.Login to application based on user role</td>
										<td><span class='test-status fail'>fail</span></td>
									</tr>
									<tr>
										<td>Jul 25, 2019 02:51:53 PM</td>
										<td class='linked' test-id='11'>User Search Scenarios.Login to application based on user role.Login to application based on user role</td>
										<td><span class='test-status fail'>fail</span></td>
									</tr>
									<tr>
										<td>Jul 25, 2019 02:51:53 PM</td>
										<td class='linked' test-id='15'>User Search Scenarios.Login to application based on user role.Login to application based on user role</td>
										<td><span class='test-status fail'>fail</span></td>
									</tr>
									<tr>
										<td>Jul 25, 2019 02:51:53 PM</td>
										<td class='linked' test-id='19'>User Search Scenarios.Login to application based on user role.Login to application based on user role</td>
										<td><span class='test-status fail'>fail</span></td>
									</tr>
								</tbody>
							</table>
						</div>
					</div>
				</li>

			</ul>
		</div>
	</div>

	<div class='subview-right left'>
		<div class='view-summary'>
			<h5 class='category-name'></h5>
		</div>
	</div>
</div>
<!-- category view -->
<div id='exception-view' class='view hide'>

    <section id='controls'>
        <div class='controls grey lighten-4'>
            <!-- search -->
            <div class='chip transparent' alt='Search Tests' title='Search Tests'>
                <a href="#" class='search-div'>
                    <i class='material-icons'>search</i> Search
                </a>

                <div class='input-field left hide'>
                    <input id='search-tests' type='text' class='validate browser-default' placeholder='Search Tests...'>
                </div>

            </div>
            <!-- search -->
        </div>
    </section>

    <div class='subview-left left'>

        <div class='view-summary'>
            <h5>Exceptions</h3>
                <ul id='exception-collection' class='exception-collection'>

                        <li class='exception displayed active'>
                            <div class='exception-heading'>
                                <span class='exception-name'>java.lang.ExceptionInInitializerError</span>
                                <span class='exception-count right'><span class='label red lighten-1 white-text'>1</span></span>
                            </div>
                            <div class='exception-content hide'>
                                <div class='exception-tests'>
                                    <table class='bordered table-results'>
                                        <thead>
                                        <tr>
                                            <th>Timestamp</th>
                                            <th>TestName</th>
                                            <th>Status</th>
                                        </tr>
                                        </thead>
                                        <tbody>
                                                    <tr>
                                                        <td>Jul 25, 2019 02:51:53 PM</td>
                                                        <td class='linked' test-id='4'>User Search Scenarios.Login to application based on user role.Login to application based on user role.Given login to application with user role "Admin"</td>
                                                        <td><pre><textarea>java.lang.ExceptionInInitializerError
	at com.morrisons.automation.stepdefs.FarmlineStepDef.login_to_application_with_user_role(FarmlineStepDef.java:15)
	at ?.Given login to application with user role "Admin"(src/main/features/common.feature:7)
Caused by: Cannot create property=androidDriverConfig for JavaBean=ApplicationConfig [actionConfiguration=ActionConfiguration [isFarmerPortal=true], browserConfig=BrowserConfiguration [isChrome=null, isSafari=null], deviceConfig=BrowserConfiguration [isAndroid=null, isIos=null, isDesktop=null], myDriver=DriverConfig [driver=android, iosAndroidDriverUrl=http://127.0.0.1:4723/wd/hub, chromeDriverPath=webDrivers/chromedriver.exe], androidDriver=null, iosDriver=null, userLogin=null, proxyConfiguration=ProxyConfig [isBehindProxy=true, proxyHost=YmNwcm94eQ==, proxyPort=ODA4MA==, proxyUser=extmasy3, proxyPass=2Bchanged], admin=null, farmer=null, buyer=null, lairage=null, agent=null, farmersPortalWebUI=null]
 in 'reader', line 1, column 1:
    proxyConfiguration:
    ^
Unable to find property 'androidDriverConfig' on class: com.morrisons.automation.common.config.ApplicationConfig
 in 'reader', line 21, column 3:
      androidPlatformName: 
      ^

	at org.yaml.snakeyaml.constructor.Constructor$ConstructMapping.constructJavaBean2ndStep(Constructor.java:268)
	at org.yaml.snakeyaml.constructor.Constructor$ConstructMapping.construct(Constructor.java:149)
	at org.yaml.snakeyaml.constructor.Constructor$ConstructYamlObject.construct(Constructor.java:308)
	at org.yaml.snakeyaml.constructor.BaseConstructor.constructObjectNoCheck(BaseConstructor.java:207)
	at org.yaml.snakeyaml.constructor.BaseConstructor.constructObject(BaseConstructor.java:196)
	at org.yaml.snakeyaml.constructor.BaseConstructor.constructDocument(BaseConstructor.java:161)
	at org.yaml.snakeyaml.constructor.BaseConstructor.getSingleData(BaseConstructor.java:147)
	at org.yaml.snakeyaml.Yaml.loadFromReader(Yaml.java:524)
	at org.yaml.snakeyaml.Yaml.loadAs(Yaml.java:518)
	at com.morrisons.automation.common.config.ConfigLoader.<init>(ConfigLoader.java:26)
	at com.morrisons.automation.common.farmlineui.FarmlineHome.<clinit>(FarmlineHome.java:24)
	at com.morrisons.automation.stepdefs.FarmlineStepDef.login_to_application_with_user_role(FarmlineStepDef.java:15)
	at sun.reflect.NativeMethodAccessorImpl.invoke0(Native Method)
	at sun.reflect.NativeMethodAccessorImpl.invoke(Unknown Source)
	at sun.reflect.DelegatingMethodAccessorImpl.invoke(Unknown Source)
	at java.lang.reflect.Method.invoke(Unknown Source)
	at cucumber.runtime.Utils$1.call(Utils.java:40)
	at cucumber.runtime.Timeout.timeout(Timeout.java:16)
	at cucumber.runtime.Utils.invoke(Utils.java:34)
	at cucumber.runtime.java.JavaStepDefinition.execute(JavaStepDefinition.java:38)
	at cucumber.runtime.StepDefinitionMatch.runStep(StepDefinitionMatch.java:37)
	at cucumber.runtime.Runtime.runStep(Runtime.java:300)
	at cucumber.runtime.model.StepContainer.runStep(StepContainer.java:44)
	at cucumber.runtime.model.StepContainer.runSteps(StepContainer.java:39)
	at cucumber.runtime.model.CucumberScenario.run(CucumberScenario.java:44)
	at cucumber.runtime.model.CucumberScenarioOutline.run(CucumberScenarioOutline.java:46)
	at cucumber.runtime.model.CucumberFeature.run(CucumberFeature.java:165)
	at cucumber.api.testng.TestNGCucumberRunner.runCucumber(TestNGCucumberRunner.java:63)
	at com.morrisons.automation.runner.RunCukesTest.feature(RunCukesTest.java:40)
	at sun.reflect.NativeMethodAccessorImpl.invoke0(Native Method)
	at sun.reflect.NativeMethodAccessorImpl.invoke(Unknown Source)
	at sun.reflect.DelegatingMethodAccessorImpl.invoke(Unknown Source)
	at java.lang.reflect.Method.invoke(Unknown Source)
	at org.testng.internal.MethodInvocationHelper.invokeMethod(MethodInvocationHelper.java:80)
	at org.testng.internal.Invoker.invokeMethod(Invoker.java:714)
	at org.testng.internal.Invoker.invokeTestMethod(Invoker.java:901)
	at org.testng.internal.Invoker.invokeTestMethods(Invoker.java:1231)
	at org.testng.internal.TestMethodWorker.invokeTestMethods(TestMethodWorker.java:127)
	at org.testng.internal.TestMethodWorker.run(TestMethodWorker.java:111)
	at org.testng.TestRunner.privateRun(TestRunner.java:767)
	at org.testng.TestRunner.run(TestRunner.java:617)
	at org.testng.SuiteRunner.runTest(SuiteRunner.java:334)
	at org.testng.SuiteRunner.runSequentially(SuiteRunner.java:329)
	at org.testng.SuiteRunner.privateRun(SuiteRunner.java:291)
	at org.testng.SuiteRunner.run(SuiteRunner.java:240)
	at org.testng.SuiteRunnerWorker.runSuite(SuiteRunnerWorker.java:52)
	at org.testng.SuiteRunnerWorker.run(SuiteRunnerWorker.java:86)
	at org.testng.TestNG.runSuitesSequentially(TestNG.java:1198)
	at org.testng.TestNG.runSuitesLocally(TestNG.java:1123)
	at org.testng.TestNG.run(TestNG.java:1031)
	at org.testng.remote.AbstractRemoteTestNG.run(AbstractRemoteTestNG.java:132)
	at org.testng.remote.RemoteTestNG.initAndRun(RemoteTestNG.java:230)
	at org.testng.remote.RemoteTestNG.main(RemoteTestNG.java:76)
Caused by: org.yaml.snakeyaml.error.YAMLException: Unable to find property 'androidDriverConfig' on class: com.morrisons.automation.common.config.ApplicationConfig
	at org.yaml.snakeyaml.introspector.PropertyUtils.getProperty(PropertyUtils.java:189)
	at org.yaml.snakeyaml.introspector.PropertyUtils.getProperty(PropertyUtils.java:178)
	at org.yaml.snakeyaml.constructor.Constructor$ConstructMapping.getProperty(Constructor.java:285)
	at org.yaml.snakeyaml.constructor.Constructor$ConstructMapping.constructJavaBean2ndStep(Constructor.java:209)
	... 52 more
</textarea></pre></td>
                                                    </tr>
                                        </tbody>
                                    </table>
                                </div>
                            </div>
                        </li>
                        <li class='exception displayed active'>
                            <div class='exception-heading'>
                                <span class='exception-name'>java.lang.NoClassDefFoundError</span>
                                <span class='exception-count right'><span class='label red lighten-1 white-text'>4</span></span>
                            </div>
                            <div class='exception-content hide'>
                                <div class='exception-tests'>
                                    <table class='bordered table-results'>
                                        <thead>
                                        <tr>
                                            <th>Timestamp</th>
                                            <th>TestName</th>
                                            <th>Status</th>
                                        </tr>
                                        </thead>
                                        <tbody>
                                                    <tr>
                                                        <td>Jul 25, 2019 02:51:53 PM</td>
                                                        <td class='linked' test-id='8'>User Search Scenarios.Login to application based on user role.Login to application based on user role.Given login to application with user role "Farmer"</td>
                                                        <td><pre><pre>java.lang.NoClassDefFoundError: Could not initialize class com.morrisons.automation.common.farmlineui.FarmlineHome
	at com.morrisons.automation.stepdefs.FarmlineStepDef.login_to_application_with_user_role(FarmlineStepDef.java:15)
	at ?.Given login to application with user role "Farmer"(src/main/features/common.feature:7)
</pre></pre></td>
                                                    </tr>
                                                    <tr>
                                                        <td>Jul 25, 2019 02:51:53 PM</td>
                                                        <td class='linked' test-id='12'>User Search Scenarios.Login to application based on user role.Login to application based on user role.Given login to application with user role "Agent"</td>
                                                        <td><pre><pre>java.lang.NoClassDefFoundError: Could not initialize class com.morrisons.automation.common.farmlineui.FarmlineHome
	at com.morrisons.automation.stepdefs.FarmlineStepDef.login_to_application_with_user_role(FarmlineStepDef.java:15)
	at ?.Given login to application with user role "Agent"(src/main/features/common.feature:7)
</pre></pre></td>
                                                    </tr>
                                                    <tr>
                                                        <td>Jul 25, 2019 02:51:53 PM</td>
                                                        <td class='linked' test-id='16'>User Search Scenarios.Login to application based on user role.Login to application based on user role.Given login to application with user role "Lairage"</td>
                                                        <td><pre><pre>java.lang.NoClassDefFoundError: Could not initialize class com.morrisons.automation.common.farmlineui.FarmlineHome
	at com.morrisons.automation.stepdefs.FarmlineStepDef.login_to_application_with_user_role(FarmlineStepDef.java:15)
	at ?.Given login to application with user role "Lairage"(src/main/features/common.feature:7)
</pre></pre></td>
                                                    </tr>
                                                    <tr>
                                                        <td>Jul 25, 2019 02:51:53 PM</td>
                                                        <td class='linked' test-id='20'>User Search Scenarios.Login to application based on user role.Login to application based on user role.Given login to application with user role "Buyer"</td>
                                                        <td><pre><pre>java.lang.NoClassDefFoundError: Could not initialize class com.morrisons.automation.common.farmlineui.FarmlineHome
	at com.morrisons.automation.stepdefs.FarmlineStepDef.login_to_application_with_user_role(FarmlineStepDef.java:15)
	at ?.Given login to application with user role "Buyer"(src/main/features/common.feature:7)
</pre></pre></td>
                                                    </tr>
                                        </tbody>
                                    </table>
                                </div>
                            </div>
                        </li>
                </ul>
        </div>
    </div>

    <div class='subview-right left'>
        <div class='view-summary'>
            <h5 class='exception-name'></h5>
        </div>
    </div>
</div>
<!-- exception view -->
<div id='dashboard-view' class='view hide'>
	<div class='card-panel transparent np-v'>
		<h5>Dashboard</h5>

		<div class='row'>
			<div class='col s2'>
				<div class='card-panel r'>
					Features
					<div class='panel-lead'>1</div>
				</div>
			</div>
			<div class='col s2'>
				<div class='card-panel r'>
					Scenarios
					<div class='panel-lead'>5</div>
				</div>
			</div>
			<div class='col s2'>
				<div class='card-panel r'>
					Steps
					<div class='panel-lead'>15</div>
				</div>
			</div>
			<div class='col s2'>
				<div class='card-panel r'>
					Start
					<div class='panel-lead'>Jul 25, 2019 02:51:52 PM</div>
				</div>
			</div>
			<div class='col s2'>
				<div class='card-panel r'>
			 		End
			 		<div class='panel-lead'>Jul 25, 2019 02:51:54 PM</div>
				</div>
			</div>
			<div class='col s2'>
				<div class='card-panel r'>
					Time Taken
					<div class='panel-lead'>2,210ms</div>
				</div>
			</div>
			<div class='col s4'>
				<div class='card-panel dashboard-environment'>
					<span class='right label cyan white-text'>Environment</span><p>&nbsp;</p>
					
					<table>
						<tr>
							<th>Name</th>
							<th>Value</th>
						</tr>
							<tr>
								<td>User Name</td>
								<td>EXTMASL5</td>
							</tr>
							<tr>
								<td>Time Zone</td>
								<td>Asia/Calcutta</td>
							</tr>
							<tr>
								<td>Machine</td>
								<td>Windows 1064 Bit</td>
							</tr>
							<tr>
								<td>Selenium</td>
								<td>3.7.0</td>
							</tr>
							<tr>
								<td>Maven</td>
								<td>3.5.2</td>
							</tr>
							<tr>
								<td>Java Version</td>
								<td>1.8.0_151</td>
							</tr>
					</table>
				</div>
			</div>
			<div class='col s6'>
				<div class='card-panel dashboard-categories'>
					<span class='right label cyan white-text'>Categories</span><p>&nbsp;</p>
					
					<table>
						<tr>
							<th>Name</th>
							<th>Passed</th>
							<th>Failed</th>
							<th>Others</th>
							<th>Passed %</th>
						</tr>
						<tr>
							<td>@FarmLine</td>
							<td>0</td>
							<td>6</td>
							<td>0</td>
							<td>
									0%
							</td>
						</tr>
						<tr>
							<td>@Login</td>
							<td>0</td>
							<td>5</td>
							<td>0</td>
							<td>
									0%
							</td>
						</tr>
					</table>
				</div>
			</div>
		</div>
	</div>
</div>
<!-- dashboard view -->
<!-- testrunner-logs view -->
		</div>
		<!-- container -->

		<script>
			var statusGroup = {
				passParent: 0,
				failParent: 1,
				fatalParent: 0,
				errorParent: 0,
				warningParent: 0,
				skipParent: 0,
				exceptionsParent: 1,
				
				passChild: 0,
				failChild: 5,
				fatalChild: 0,
				errorChild: 0,
				warningChild: 0,
				skipChild: 0,
				infoChild: 0,
				exceptionsChild: 5,
				
				passGrandChild: 0,
				failGrandChild: 5,
				fatalGrandChild: 0,
				errorGrandChild: 0,
				warningGrandChild: 0,
				skipGrandChild: 10,
				infoGrandChild: 0,
				exceptionsGrandChild: 15,
			};
		</script>
		
			<script src='https://cdn.rawgit.com/anshooarora/extentreports-java/fca20fb7653aade98810546ab96a2a4360e3e712/dist/js/extent.js' type='text/javascript'></script>
		
		
 		<script type='text/javascript'>
 			
      
        $(document).ready(function() {
        
        });
      
    
 		</script>
	</body>
	
</html>
